<?xml version="1.0" encoding="utf-8" standalone="no"?>
<test-run id="2" testcasecount="129" result="Passed" total="129" passed="129" failed="0" inconclusive="0" skipped="0" asserts="1078" engine-version="3.8.0.0" clr-version="4.0.30319.42000" start-time="2019-08-05 05:40:22Z" end-time="2019-08-05 05:40:27Z" duration="4.688129">
  <command-line><![CDATA["C:\Users\shrio\Source\Repos\tsql-parser\TSQL_Parser\Tests\..\packages\NUnit.ConsoleRunner.3.8.0\tools\nunit3-console.exe" bin\Debug\Tests.dll]]></command-line>
  <test-suite type="Assembly" id="0-1155" name="Tests.dll" fullname="C:\Users\shrio\Source\Repos\tsql-parser\TSQL_Parser\Tests\bin\Debug\Tests.dll" runstate="Runnable" testcasecount="129" result="Passed" start-time="2019-08-05 05:40:25Z" end-time="2019-08-05 05:40:27Z" duration="1.905573" total="129" passed="129" failed="0" warnings="0" inconclusive="0" skipped="0" asserts="1078">
    <environment framework-version="3.10.1.0" clr-version="4.0.30319.42000" os-version="Microsoft Windows NT 10.0.17134.0" platform="Win32NT" cwd="C:\Users\shrio\Source\Repos\tsql-parser\TSQL_Parser\Tests" machine-name="WINDOWS-AHPICJC" user="shrio" user-domain="WINDOWS-AHPICJC" culture="en-US" uiculture="en-US" os-architecture="x64" />
    <settings>
      <setting name="DisposeRunners" value="True" />
      <setting name="WorkDirectory" value="C:\Users\shrio\Source\Repos\tsql-parser\TSQL_Parser\Tests" />
      <setting name="ImageRuntimeVersion" value="4.0.30319" />
      <setting name="ImageTargetFrameworkName" value=".NETFramework,Version=v4.5.2" />
      <setting name="ImageRequiresX86" value="False" />
      <setting name="ImageRequiresDefaultAppDomainAssemblyResolver" value="False" />
      <setting name="NumberOfTestWorkers" value="4" />
    </settings>
    <properties>
      <property name="_PID" value="15580" />
      <property name="_APPDOMAIN" value="domain-" />
    </properties>
    <test-suite type="TestSuite" id="0-1156" name="Tests" fullname="Tests" runstate="Runnable" testcasecount="129" result="Passed" start-time="2019-08-05 05:40:25Z" end-time="2019-08-05 05:40:27Z" duration="1.887645" total="129" passed="129" failed="0" warnings="0" inconclusive="0" skipped="0" asserts="1078">
      <test-suite type="TestFixture" id="0-1000" name="CharactersTests" fullname="Tests.CharactersTests" classname="Tests.CharactersTests" runstate="Runnable" testcasecount="10" result="Passed" start-time="2019-08-05 05:40:25Z" end-time="2019-08-05 05:40:25Z" duration="0.667265" total="10" passed="10" failed="0" warnings="0" inconclusive="0" skipped="0" asserts="10">
        <test-case id="0-1009" name="Characters_EqualsObjectFalse" fullname="Tests.CharactersTests.Characters_EqualsObjectFalse" methodname="Characters_EqualsObjectFalse" classname="Tests.CharactersTests" runstate="Runnable" seed="678942265" result="Passed" start-time="2019-08-05 05:40:25Z" end-time="2019-08-05 05:40:25Z" duration="0.612670" asserts="1" />
        <test-case id="0-1008" name="Characters_EqualsObjectTrue" fullname="Tests.CharactersTests.Characters_EqualsObjectTrue" methodname="Characters_EqualsObjectTrue" classname="Tests.CharactersTests" runstate="Runnable" seed="548052505" result="Passed" start-time="2019-08-05 05:40:25Z" end-time="2019-08-05 05:40:25Z" duration="0.001176" asserts="1" />
        <test-case id="0-1010" name="Characters_GetHashCode" fullname="Tests.CharactersTests.Characters_GetHashCode" methodname="Characters_GetHashCode" classname="Tests.CharactersTests" runstate="Runnable" seed="2031026409" result="Passed" start-time="2019-08-05 05:40:25Z" end-time="2019-08-05 05:40:25Z" duration="0.014378" asserts="1" />
        <test-case id="0-1002" name="Characters_InFalse" fullname="Tests.CharactersTests.Characters_InFalse" methodname="Characters_InFalse" classname="Tests.CharactersTests" runstate="Runnable" seed="1777386115" result="Passed" start-time="2019-08-05 05:40:25Z" end-time="2019-08-05 05:40:25Z" duration="0.002948" asserts="1" />
        <test-case id="0-1003" name="Characters_InNull" fullname="Tests.CharactersTests.Characters_InNull" methodname="Characters_InNull" classname="Tests.CharactersTests" runstate="Runnable" seed="1843919015" result="Passed" start-time="2019-08-05 05:40:25Z" end-time="2019-08-05 05:40:25Z" duration="0.000497" asserts="1" />
        <test-case id="0-1001" name="Characters_InTrue" fullname="Tests.CharactersTests.Characters_InTrue" methodname="Characters_InTrue" classname="Tests.CharactersTests" runstate="Runnable" seed="1257667975" result="Passed" start-time="2019-08-05 05:40:25Z" end-time="2019-08-05 05:40:25Z" duration="0.000406" asserts="1" />
        <test-case id="0-1005" name="Characters_IsFalse" fullname="Tests.CharactersTests.Characters_IsFalse" methodname="Characters_IsFalse" classname="Tests.CharactersTests" runstate="Runnable" seed="520357110" result="Passed" start-time="2019-08-05 05:40:25Z" end-time="2019-08-05 05:40:25Z" duration="0.001768" asserts="1" />
        <test-case id="0-1006" name="Characters_IsNull" fullname="Tests.CharactersTests.Characters_IsNull" methodname="Characters_IsNull" classname="Tests.CharactersTests" runstate="Runnable" seed="1119616204" result="Passed" start-time="2019-08-05 05:40:25Z" end-time="2019-08-05 05:40:25Z" duration="0.000298" asserts="1" />
        <test-case id="0-1004" name="Characters_IsTrue" fullname="Tests.CharactersTests.Characters_IsTrue" methodname="Characters_IsTrue" classname="Tests.CharactersTests" runstate="Runnable" seed="1017255958" result="Passed" start-time="2019-08-05 05:40:25Z" end-time="2019-08-05 05:40:25Z" duration="0.000278" asserts="1" />
        <test-case id="0-1007" name="Characters_ParseNull" fullname="Tests.CharactersTests.Characters_ParseNull" methodname="Characters_ParseNull" classname="Tests.CharactersTests" runstate="Runnable" seed="432519320" result="Passed" start-time="2019-08-05 05:40:25Z" end-time="2019-08-05 05:40:25Z" duration="0.012837" asserts="1" />
      </test-suite>
      <test-suite type="TestSuite" id="0-1159" name="Clauses" fullname="Tests.Clauses" runstate="Runnable" testcasecount="9" result="Passed" start-time="2019-08-05 05:40:25Z" end-time="2019-08-05 05:40:26Z" duration="0.860781" total="9" passed="9" failed="0" warnings="0" inconclusive="0" skipped="0" asserts="20">
        <test-suite type="TestFixture" id="0-1139" name="FromClauseTests" fullname="Tests.Clauses.FromClauseTests" classname="Tests.Clauses.FromClauseTests" runstate="Runnable" testcasecount="1" result="Passed" start-time="2019-08-05 05:40:25Z" end-time="2019-08-05 05:40:26Z" duration="0.106319" total="1" passed="1" failed="0" warnings="0" inconclusive="0" skipped="0" asserts="2">
          <properties>
            <property name="Category" value="Clause Parsing" />
          </properties>
          <test-case id="0-1140" name="FromClause_SanityCheck" fullname="Tests.Clauses.FromClauseTests.FromClause_SanityCheck" methodname="FromClause_SanityCheck" classname="Tests.Clauses.FromClauseTests" runstate="Runnable" seed="1428299402" result="Passed" start-time="2019-08-05 05:40:25Z" end-time="2019-08-05 05:40:26Z" duration="0.106005" asserts="2" />
        </test-suite>
        <test-suite type="TestFixture" id="0-1143" name="GroupByClauseTests" fullname="Tests.Clauses.GroupByClauseTests" classname="Tests.Clauses.GroupByClauseTests" runstate="Runnable" testcasecount="1" result="Passed" start-time="2019-08-05 05:40:26Z" end-time="2019-08-05 05:40:26Z" duration="0.007209" total="1" passed="1" failed="0" warnings="0" inconclusive="0" skipped="0" asserts="2">
          <properties>
            <property name="Category" value="Clause Parsing" />
          </properties>
          <test-case id="0-1144" name="GroupByClause_SanityCheck" fullname="Tests.Clauses.GroupByClauseTests.GroupByClause_SanityCheck" methodname="GroupByClause_SanityCheck" classname="Tests.Clauses.GroupByClauseTests" runstate="Runnable" seed="1537088859" result="Passed" start-time="2019-08-05 05:40:26Z" end-time="2019-08-05 05:40:26Z" duration="0.006884" asserts="2" />
        </test-suite>
        <test-suite type="TestFixture" id="0-1145" name="HavingClauseTests" fullname="Tests.Clauses.HavingClauseTests" classname="Tests.Clauses.HavingClauseTests" runstate="Runnable" testcasecount="1" result="Passed" start-time="2019-08-05 05:40:26Z" end-time="2019-08-05 05:40:26Z" duration="0.008482" total="1" passed="1" failed="0" warnings="0" inconclusive="0" skipped="0" asserts="2">
          <properties>
            <property name="Category" value="Clause Parsing" />
          </properties>
          <test-case id="0-1146" name="HavingClause_SanityCheck" fullname="Tests.Clauses.HavingClauseTests.HavingClause_SanityCheck" methodname="HavingClause_SanityCheck" classname="Tests.Clauses.HavingClauseTests" runstate="Runnable" seed="816819307" result="Passed" start-time="2019-08-05 05:40:26Z" end-time="2019-08-05 05:40:26Z" duration="0.008191" asserts="2" />
        </test-suite>
        <test-suite type="TestFixture" id="0-1149" name="IntoClauseTests" fullname="Tests.Clauses.IntoClauseTests" classname="Tests.Clauses.IntoClauseTests" runstate="Runnable" testcasecount="1" result="Passed" start-time="2019-08-05 05:40:26Z" end-time="2019-08-05 05:40:26Z" duration="0.004750" total="1" passed="1" failed="0" warnings="0" inconclusive="0" skipped="0" asserts="2">
          <properties>
            <property name="Category" value="Clause Parsing" />
          </properties>
          <test-case id="0-1150" name="IntoClause_SanityCheck" fullname="Tests.Clauses.IntoClauseTests.IntoClause_SanityCheck" methodname="IntoClause_SanityCheck" classname="Tests.Clauses.IntoClauseTests" runstate="Runnable" seed="1366225660" result="Passed" start-time="2019-08-05 05:40:26Z" end-time="2019-08-05 05:40:26Z" duration="0.004464" asserts="2" />
        </test-suite>
        <test-suite type="TestFixture" id="0-1147" name="OrderByClauseTests" fullname="Tests.Clauses.OrderByClauseTests" classname="Tests.Clauses.OrderByClauseTests" runstate="Runnable" testcasecount="1" result="Passed" start-time="2019-08-05 05:40:26Z" end-time="2019-08-05 05:40:26Z" duration="0.008984" total="1" passed="1" failed="0" warnings="0" inconclusive="0" skipped="0" asserts="2">
          <properties>
            <property name="Category" value="Clause Parsing" />
          </properties>
          <test-case id="0-1148" name="OrderByClause_SanityCheck" fullname="Tests.Clauses.OrderByClauseTests.OrderByClause_SanityCheck" methodname="OrderByClause_SanityCheck" classname="Tests.Clauses.OrderByClauseTests" runstate="Runnable" seed="772440784" result="Passed" start-time="2019-08-05 05:40:26Z" end-time="2019-08-05 05:40:26Z" duration="0.008360" asserts="2" />
        </test-suite>
        <test-suite type="TestFixture" id="0-1151" name="SelectClauseTests" fullname="Tests.Clauses.SelectClauseTests" classname="Tests.Clauses.SelectClauseTests" runstate="Runnable" testcasecount="3" result="Passed" start-time="2019-08-05 05:40:26Z" end-time="2019-08-05 05:40:26Z" duration="0.045011" total="3" passed="3" failed="0" warnings="0" inconclusive="0" skipped="0" asserts="8">
          <properties>
            <property name="Category" value="Clause Parsing" />
          </properties>
          <test-case id="0-1153" name="SelectClause_Comments" fullname="Tests.Clauses.SelectClauseTests.SelectClause_Comments" methodname="SelectClause_Comments" classname="Tests.Clauses.SelectClauseTests" runstate="Runnable" seed="838412844" result="Passed" start-time="2019-08-05 05:40:26Z" end-time="2019-08-05 05:40:26Z" duration="0.037737" asserts="3" />
          <test-case id="0-1154" name="SelectClause_SanityCheck" fullname="Tests.Clauses.SelectClauseTests.SelectClause_SanityCheck" methodname="SelectClause_SanityCheck" classname="Tests.Clauses.SelectClauseTests" runstate="Runnable" seed="657275286" result="Passed" start-time="2019-08-05 05:40:26Z" end-time="2019-08-05 05:40:26Z" duration="0.001957" asserts="2" />
          <test-case id="0-1152" name="SelectClause_StopAtFrom" fullname="Tests.Clauses.SelectClauseTests.SelectClause_StopAtFrom" methodname="SelectClause_StopAtFrom" classname="Tests.Clauses.SelectClauseTests" runstate="Runnable" seed="79445333" result="Passed" start-time="2019-08-05 05:40:26Z" end-time="2019-08-05 05:40:26Z" duration="0.004817" asserts="3" />
        </test-suite>
        <test-suite type="TestFixture" id="0-1141" name="WhereClauseTests" fullname="Tests.Clauses.WhereClauseTests" classname="Tests.Clauses.WhereClauseTests" runstate="Runnable" testcasecount="1" result="Passed" start-time="2019-08-05 05:40:26Z" end-time="2019-08-05 05:40:26Z" duration="0.007162" total="1" passed="1" failed="0" warnings="0" inconclusive="0" skipped="0" asserts="2">
          <properties>
            <property name="Category" value="Clause Parsing" />
          </properties>
          <test-case id="0-1142" name="WhereClause_SanityCheck" fullname="Tests.Clauses.WhereClauseTests.WhereClause_SanityCheck" methodname="WhereClause_SanityCheck" classname="Tests.Clauses.WhereClauseTests" runstate="Runnable" seed="8794048" result="Passed" start-time="2019-08-05 05:40:26Z" end-time="2019-08-05 05:40:26Z" duration="0.006802" asserts="2" />
        </test-suite>
      </test-suite>
      <test-suite type="TestFixture" id="0-1011" name="IdentifiersTests" fullname="Tests.IdentifiersTests" classname="Tests.IdentifiersTests" runstate="Runnable" testcasecount="10" result="Passed" start-time="2019-08-05 05:40:26Z" end-time="2019-08-05 05:40:26Z" duration="0.019758" total="10" passed="10" failed="0" warnings="0" inconclusive="0" skipped="0" asserts="10">
        <test-case id="0-1020" name="Identifiers_EqualsObjectFalse" fullname="Tests.IdentifiersTests.Identifiers_EqualsObjectFalse" methodname="Identifiers_EqualsObjectFalse" classname="Tests.IdentifiersTests" runstate="Runnable" seed="2027751013" result="Passed" start-time="2019-08-05 05:40:26Z" end-time="2019-08-05 05:40:26Z" duration="0.001275" asserts="1" />
        <test-case id="0-1019" name="Identifiers_EqualsObjectTrue" fullname="Tests.IdentifiersTests.Identifiers_EqualsObjectTrue" methodname="Identifiers_EqualsObjectTrue" classname="Tests.IdentifiersTests" runstate="Runnable" seed="1842411964" result="Passed" start-time="2019-08-05 05:40:26Z" end-time="2019-08-05 05:40:26Z" duration="0.000303" asserts="1" />
        <test-case id="0-1021" name="Identifiers_GetHashCode" fullname="Tests.IdentifiersTests.Identifiers_GetHashCode" methodname="Identifiers_GetHashCode" classname="Tests.IdentifiersTests" runstate="Runnable" seed="1305693459" result="Passed" start-time="2019-08-05 05:40:26Z" end-time="2019-08-05 05:40:26Z" duration="0.013219" asserts="1" />
        <test-case id="0-1013" name="Identifiers_InFalse" fullname="Tests.IdentifiersTests.Identifiers_InFalse" methodname="Identifiers_InFalse" classname="Tests.IdentifiersTests" runstate="Runnable" seed="1885555643" result="Passed" start-time="2019-08-05 05:40:26Z" end-time="2019-08-05 05:40:26Z" duration="0.002158" asserts="1" />
        <test-case id="0-1014" name="Identifiers_InNull" fullname="Tests.IdentifiersTests.Identifiers_InNull" methodname="Identifiers_InNull" classname="Tests.IdentifiersTests" runstate="Runnable" seed="1016521159" result="Passed" start-time="2019-08-05 05:40:26Z" end-time="2019-08-05 05:40:26Z" duration="0.000297" asserts="1" />
        <test-case id="0-1012" name="Identifiers_InTrue" fullname="Tests.IdentifiersTests.Identifiers_InTrue" methodname="Identifiers_InTrue" classname="Tests.IdentifiersTests" runstate="Runnable" seed="886007313" result="Passed" start-time="2019-08-05 05:40:26Z" end-time="2019-08-05 05:40:26Z" duration="0.000309" asserts="1" />
        <test-case id="0-1016" name="Identifiers_IsFalse" fullname="Tests.IdentifiersTests.Identifiers_IsFalse" methodname="Identifiers_IsFalse" classname="Tests.IdentifiersTests" runstate="Runnable" seed="232025385" result="Passed" start-time="2019-08-05 05:40:26Z" end-time="2019-08-05 05:40:26Z" duration="0.000290" asserts="1" />
        <test-case id="0-1017" name="Identifiers_IsNull" fullname="Tests.IdentifiersTests.Identifiers_IsNull" methodname="Identifiers_IsNull" classname="Tests.IdentifiersTests" runstate="Runnable" seed="2139945458" result="Passed" start-time="2019-08-05 05:40:26Z" end-time="2019-08-05 05:40:26Z" duration="0.000260" asserts="1" />
        <test-case id="0-1015" name="Identifiers_IsTrue" fullname="Tests.IdentifiersTests.Identifiers_IsTrue" methodname="Identifiers_IsTrue" classname="Tests.IdentifiersTests" runstate="Runnable" seed="1092183127" result="Passed" start-time="2019-08-05 05:40:26Z" end-time="2019-08-05 05:40:26Z" duration="0.000221" asserts="1" />
        <test-case id="0-1018" name="Identifiers_ParseNull" fullname="Tests.IdentifiersTests.Identifiers_ParseNull" methodname="Identifiers_ParseNull" classname="Tests.IdentifiersTests" runstate="Runnable" seed="1648867991" result="Passed" start-time="2019-08-05 05:40:26Z" end-time="2019-08-05 05:40:26Z" duration="0.000985" asserts="1" />
      </test-suite>
      <test-suite type="TestFixture" id="0-1022" name="Parsing" fullname="Tests.Parsing" classname="Tests.Parsing" runstate="Runnable" testcasecount="8" result="Passed" start-time="2019-08-05 05:40:26Z" end-time="2019-08-05 05:40:26Z" duration="0.680642" total="8" passed="8" failed="0" warnings="0" inconclusive="0" skipped="0" asserts="353">
        <properties>
          <property name="Category" value="Expression Parsing" />
        </properties>
        <test-case id="0-1029" name="Parse_EmptyMoney" fullname="Tests.Parsing.Parse_EmptyMoney" methodname="Parse_EmptyMoney" classname="Tests.Parsing" runstate="Runnable" seed="1463696064" result="Passed" start-time="2019-08-05 05:40:26Z" end-time="2019-08-05 05:40:26Z" duration="0.008306" asserts="10" />
        <test-case id="0-1023" name="Parse_GO" fullname="Tests.Parsing.Parse_GO" methodname="Parse_GO" classname="Tests.Parsing" runstate="Runnable" seed="1243578156" result="Passed" start-time="2019-08-05 05:40:26Z" end-time="2019-08-05 05:40:26Z" duration="0.001307" asserts="6" />
        <test-case id="0-1024" name="Parse_GOFromStream" fullname="Tests.Parsing.Parse_GOFromStream" methodname="Parse_GOFromStream" classname="Tests.Parsing" runstate="Runnable" seed="1188420884" result="Passed" start-time="2019-08-05 05:40:26Z" end-time="2019-08-05 05:40:26Z" duration="0.003026" asserts="6" />
        <test-case id="0-1030" name="Parse_MoneySymbols" fullname="Tests.Parsing.Parse_MoneySymbols" methodname="Parse_MoneySymbols" classname="Tests.Parsing" runstate="Runnable" seed="2109405704" result="Passed" start-time="2019-08-05 05:40:26Z" end-time="2019-08-05 05:40:26Z" duration="0.028932" asserts="36" />
        <test-case id="0-1028" name="Parse_OldStyleOuterJoins" fullname="Tests.Parsing.Parse_OldStyleOuterJoins" methodname="Parse_OldStyleOuterJoins" classname="Tests.Parsing" runstate="Runnable" seed="1114228341" result="Passed" start-time="2019-08-05 05:40:26Z" end-time="2019-08-05 05:40:26Z" duration="0.001829" asserts="10" />
        <test-case id="0-1027" name="Parse_SystemIdentifiers" fullname="Tests.Parsing.Parse_SystemIdentifiers" methodname="Parse_SystemIdentifiers" classname="Tests.Parsing" runstate="Runnable" seed="1286354776" result="Passed" start-time="2019-08-05 05:40:26Z" end-time="2019-08-05 05:40:26Z" duration="0.005259" asserts="14" />
        <test-case id="0-1026" name="Parse_uspSearchCandidateResumes" fullname="Tests.Parsing.Parse_uspSearchCandidateResumes" methodname="Parse_uspSearchCandidateResumes" classname="Tests.Parsing" runstate="Runnable" seed="1677646572" result="Passed" start-time="2019-08-05 05:40:26Z" end-time="2019-08-05 05:40:26Z" duration="0.377158" asserts="171" />
        <test-case id="0-1025" name="Parse_uspSearchCandidateResumes_NoWhitespace" fullname="Tests.Parsing.Parse_uspSearchCandidateResumes_NoWhitespace" methodname="Parse_uspSearchCandidateResumes_NoWhitespace" classname="Tests.Parsing" runstate="Runnable" seed="785391032" result="Passed" start-time="2019-08-05 05:40:26Z" end-time="2019-08-05 05:40:26Z" duration="0.254271" asserts="100" />
      </test-suite>
      <test-suite type="TestSuite" id="0-1158" name="Statements" fullname="Tests.Statements" runstate="Runnable" testcasecount="15" result="Passed" start-time="2019-08-05 05:40:25Z" end-time="2019-08-05 05:40:27Z" duration="1.780928" total="15" passed="15" failed="0" warnings="0" inconclusive="0" skipped="0" asserts="88">
        <test-suite type="TestFixture" id="0-1122" name="GeneralStatementTests" fullname="Tests.Statements.GeneralStatementTests" classname="Tests.Statements.GeneralStatementTests" runstate="Runnable" testcasecount="1" result="Passed" start-time="2019-08-05 05:40:26Z" end-time="2019-08-05 05:40:26Z" duration="0.019219" total="1" passed="1" failed="0" warnings="0" inconclusive="0" skipped="0" asserts="1">
          <properties>
            <property name="Category" value="Statement Parsing" />
          </properties>
          <test-case id="0-1123" name="UnknownStatement_MissingFirstToken" fullname="Tests.Statements.GeneralStatementTests.UnknownStatement_MissingFirstToken" methodname="UnknownStatement_MissingFirstToken" classname="Tests.Statements.GeneralStatementTests" runstate="Runnable" seed="772552599" result="Passed" start-time="2019-08-05 05:40:26Z" end-time="2019-08-05 05:40:26Z" duration="0.018925" asserts="1" />
        </test-suite>
        <test-suite type="TestFixture" id="0-1124" name="SelectStatementTests" fullname="Tests.Statements.SelectStatementTests" classname="Tests.Statements.SelectStatementTests" runstate="Runnable" testcasecount="14" result="Passed" start-time="2019-08-05 05:40:26Z" end-time="2019-08-05 05:40:27Z" duration="0.200425" total="14" passed="14" failed="0" warnings="0" inconclusive="0" skipped="0" asserts="87">
          <properties>
            <property name="Category" value="Statement Parsing" />
          </properties>
          <test-case id="0-1135" name="SelectStatement_CaseInJoin" fullname="Tests.Statements.SelectStatementTests.SelectStatement_CaseInJoin" methodname="SelectStatement_CaseInJoin" classname="Tests.Statements.SelectStatementTests" runstate="Runnable" seed="197666298" result="Passed" start-time="2019-08-05 05:40:26Z" end-time="2019-08-05 05:40:26Z" duration="0.024825" asserts="4" />
          <test-case id="0-1136" name="SelectStatement_CaseInSelect" fullname="Tests.Statements.SelectStatementTests.SelectStatement_CaseInSelect" methodname="SelectStatement_CaseInSelect" classname="Tests.Statements.SelectStatementTests" runstate="Runnable" seed="1579851867" result="Passed" start-time="2019-08-05 05:40:26Z" end-time="2019-08-05 05:40:26Z" duration="0.015501" asserts="3" />
          <test-case id="0-1137" name="SelectStatement_CaseInWhere" fullname="Tests.Statements.SelectStatementTests.SelectStatement_CaseInWhere" methodname="SelectStatement_CaseInWhere" classname="Tests.Statements.SelectStatementTests" runstate="Runnable" seed="2074063272" result="Passed" start-time="2019-08-05 05:40:26Z" end-time="2019-08-05 05:40:26Z" duration="0.013796" asserts="4" />
          <test-case id="0-1129" name="SelectStatement_CommonSelect" fullname="Tests.Statements.SelectStatementTests.SelectStatement_CommonSelect" methodname="SelectStatement_CommonSelect" classname="Tests.Statements.SelectStatementTests" runstate="Runnable" seed="978121426" result="Passed" start-time="2019-08-05 05:40:26Z" end-time="2019-08-05 05:40:27Z" duration="0.063195" asserts="15" />
          <test-case id="0-1128" name="SelectStatement_CorrelatedSelect" fullname="Tests.Statements.SelectStatementTests.SelectStatement_CorrelatedSelect" methodname="SelectStatement_CorrelatedSelect" classname="Tests.Statements.SelectStatementTests" runstate="Runnable" seed="1721469788" result="Passed" start-time="2019-08-05 05:40:27Z" end-time="2019-08-05 05:40:27Z" duration="0.006464" asserts="11" />
          <test-case id="0-1132" name="SelectStatement_DontEatFinalDescAsKeyword" fullname="Tests.Statements.SelectStatementTests.SelectStatement_DontEatFinalDescAsKeyword" methodname="SelectStatement_DontEatFinalDescAsKeyword" classname="Tests.Statements.SelectStatementTests" runstate="Runnable" seed="1055179488" result="Passed" start-time="2019-08-05 05:40:27Z" end-time="2019-08-05 05:40:27Z" duration="0.008633" asserts="5" />
          <test-case id="0-1134" name="SelectStatement_MultiLevelParens" fullname="Tests.Statements.SelectStatementTests.SelectStatement_MultiLevelParens" methodname="SelectStatement_MultiLevelParens" classname="Tests.Statements.SelectStatementTests" runstate="Runnable" seed="1737363388" result="Passed" start-time="2019-08-05 05:40:27Z" end-time="2019-08-05 05:40:27Z" duration="0.007439" asserts="2" />
          <test-case id="0-1130" name="SelectStatement_MultipleSelectsWithoutSemicolon" fullname="Tests.Statements.SelectStatementTests.SelectStatement_MultipleSelectsWithoutSemicolon" methodname="SelectStatement_MultipleSelectsWithoutSemicolon" classname="Tests.Statements.SelectStatementTests" runstate="Runnable" seed="1658156158" result="Passed" start-time="2019-08-05 05:40:27Z" end-time="2019-08-05 05:40:27Z" duration="0.004629" asserts="4" />
          <test-case id="0-1131" name="SelectStatement_Option" fullname="Tests.Statements.SelectStatementTests.SelectStatement_Option" methodname="SelectStatement_Option" classname="Tests.Statements.SelectStatementTests" runstate="Runnable" seed="1528723342" result="Passed" start-time="2019-08-05 05:40:27Z" end-time="2019-08-05 05:40:27Z" duration="0.011773" asserts="5" />
          <test-case id="0-1125" name="SelectStatement_SelectLiteral" fullname="Tests.Statements.SelectStatementTests.SelectStatement_SelectLiteral" methodname="SelectStatement_SelectLiteral" classname="Tests.Statements.SelectStatementTests" runstate="Runnable" seed="1645151328" result="Passed" start-time="2019-08-05 05:40:27Z" end-time="2019-08-05 05:40:27Z" duration="0.002655" asserts="7" />
          <test-case id="0-1126" name="SelectStatement_SelectLiteralNoWhitespace" fullname="Tests.Statements.SelectStatementTests.SelectStatement_SelectLiteralNoWhitespace" methodname="SelectStatement_SelectLiteralNoWhitespace" classname="Tests.Statements.SelectStatementTests" runstate="Runnable" seed="948165801" result="Passed" start-time="2019-08-05 05:40:27Z" end-time="2019-08-05 05:40:27Z" duration="0.002507" asserts="6" />
          <test-case id="0-1138" name="SelectStatement_TableHint" fullname="Tests.Statements.SelectStatementTests.SelectStatement_TableHint" methodname="SelectStatement_TableHint" classname="Tests.Statements.SelectStatementTests" runstate="Runnable" seed="1678258162" result="Passed" start-time="2019-08-05 05:40:27Z" end-time="2019-08-05 05:40:27Z" duration="0.012918" asserts="4" />
          <test-case id="0-1127" name="SelectStatement_TwoLiteralSelects" fullname="Tests.Statements.SelectStatementTests.SelectStatement_TwoLiteralSelects" methodname="SelectStatement_TwoLiteralSelects" classname="Tests.Statements.SelectStatementTests" runstate="Runnable" seed="1963229679" result="Passed" start-time="2019-08-05 05:40:27Z" end-time="2019-08-05 05:40:27Z" duration="0.005057" asserts="12" />
          <test-case id="0-1133" name="SelectStatement_WindowedAggregate" fullname="Tests.Statements.SelectStatementTests.SelectStatement_WindowedAggregate" methodname="SelectStatement_WindowedAggregate" classname="Tests.Statements.SelectStatementTests" runstate="Runnable" seed="1458379761" result="Passed" start-time="2019-08-05 05:40:27Z" end-time="2019-08-05 05:40:27Z" duration="0.020431" asserts="5" />
        </test-suite>
      </test-suite>
      <test-suite type="TestSuite" id="0-1157" name="Tokens" fullname="Tests.Tokens" runstate="Runnable" testcasecount="67" result="Passed" start-time="2019-08-05 05:40:25Z" end-time="2019-08-05 05:40:27Z" duration="1.878631" total="67" passed="67" failed="0" warnings="0" inconclusive="0" skipped="0" asserts="587">
        <test-suite type="TestFixture" id="0-1042" name="BinaryTokenTests" fullname="Tests.Tokens.BinaryTokenTests" classname="Tests.Tokens.BinaryTokenTests" runstate="Runnable" testcasecount="4" result="Passed" start-time="2019-08-05 05:40:27Z" end-time="2019-08-05 05:40:27Z" duration="0.008730" total="4" passed="4" failed="0" warnings="0" inconclusive="0" skipped="0" asserts="40">
          <properties>
            <property name="Category" value="Token Parsing" />
          </properties>
          <test-case id="0-1046" name="BinaryToken_BinaryLiteralEndWithLetter" fullname="Tests.Tokens.BinaryTokenTests.BinaryToken_BinaryLiteralEndWithLetter" methodname="BinaryToken_BinaryLiteralEndWithLetter" classname="Tests.Tokens.BinaryTokenTests" runstate="Runnable" seed="4257260" result="Passed" start-time="2019-08-05 05:40:27Z" end-time="2019-08-05 05:40:27Z" duration="0.002535" asserts="10" />
          <test-case id="0-1043" name="BinaryToken_EmptyBinaryLiteral" fullname="Tests.Tokens.BinaryTokenTests.BinaryToken_EmptyBinaryLiteral" methodname="BinaryToken_EmptyBinaryLiteral" classname="Tests.Tokens.BinaryTokenTests" runstate="Runnable" seed="198088832" result="Passed" start-time="2019-08-05 05:40:27Z" end-time="2019-08-05 05:40:27Z" duration="0.002279" asserts="10" />
          <test-case id="0-1044" name="BinaryToken_EmptyBinaryLiteralCaseInsensitive" fullname="Tests.Tokens.BinaryTokenTests.BinaryToken_EmptyBinaryLiteralCaseInsensitive" methodname="BinaryToken_EmptyBinaryLiteralCaseInsensitive" classname="Tests.Tokens.BinaryTokenTests" runstate="Runnable" seed="1803220448" result="Passed" start-time="2019-08-05 05:40:27Z" end-time="2019-08-05 05:40:27Z" duration="0.001258" asserts="10" />
          <test-case id="0-1045" name="BinaryToken_SimpleBinaryLiteral" fullname="Tests.Tokens.BinaryTokenTests.BinaryToken_SimpleBinaryLiteral" methodname="BinaryToken_SimpleBinaryLiteral" classname="Tests.Tokens.BinaryTokenTests" runstate="Runnable" seed="516323232" result="Passed" start-time="2019-08-05 05:40:27Z" end-time="2019-08-05 05:40:27Z" duration="0.002088" asserts="10" />
        </test-suite>
        <test-suite type="TestFixture" id="0-1047" name="CharacterTokenTests" fullname="Tests.Tokens.CharacterTokenTests" classname="Tests.Tokens.CharacterTokenTests" runstate="Runnable" testcasecount="2" result="Passed" start-time="2019-08-05 05:40:27Z" end-time="2019-08-05 05:40:27Z" duration="0.001597" total="2" passed="2" failed="0" warnings="0" inconclusive="0" skipped="0" asserts="11">
          <properties>
            <property name="Category" value="Token Parsing" />
          </properties>
          <test-case id="0-1049" name="CharacterToken_Character" fullname="Tests.Tokens.CharacterTokenTests.CharacterToken_Character" methodname="CharacterToken_Character" classname="Tests.Tokens.CharacterTokenTests" runstate="Runnable" seed="2016326796" result="Passed" start-time="2019-08-05 05:40:27Z" end-time="2019-08-05 05:40:27Z" duration="0.000270" asserts="1" />
          <test-case id="0-1048" name="CharacterToken_Period" fullname="Tests.Tokens.CharacterTokenTests.CharacterToken_Period" methodname="CharacterToken_Period" classname="Tests.Tokens.CharacterTokenTests" runstate="Runnable" seed="1137245378" result="Passed" start-time="2019-08-05 05:40:27Z" end-time="2019-08-05 05:40:27Z" duration="0.001080" asserts="10" />
        </test-suite>
        <test-suite type="TestFixture" id="0-1081" name="IdentifierTokenTests" fullname="Tests.Tokens.IdentifierTokenTests" classname="Tests.Tokens.IdentifierTokenTests" runstate="Runnable" testcasecount="14" result="Passed" start-time="2019-08-05 05:40:27Z" end-time="2019-08-05 05:40:27Z" duration="0.019539" total="14" passed="14" failed="0" warnings="0" inconclusive="0" skipped="0" asserts="123">
          <properties>
            <property name="Category" value="Token Parsing" />
          </properties>
          <test-case id="0-1092" name="IdentifierToken_BracketedName" fullname="Tests.Tokens.IdentifierTokenTests.IdentifierToken_BracketedName" methodname="IdentifierToken_BracketedName" classname="Tests.Tokens.IdentifierTokenTests" runstate="Runnable" seed="1355430982" result="Passed" start-time="2019-08-05 05:40:27Z" end-time="2019-08-05 05:40:27Z" duration="0.000265" asserts="1" />
          <test-case id="0-1084" name="IdentifierToken_EscapedBracketedIdentifier1" fullname="Tests.Tokens.IdentifierTokenTests.IdentifierToken_EscapedBracketedIdentifier1" methodname="IdentifierToken_EscapedBracketedIdentifier1" classname="Tests.Tokens.IdentifierTokenTests" runstate="Runnable" seed="401559323" result="Passed" start-time="2019-08-05 05:40:27Z" end-time="2019-08-05 05:40:27Z" duration="0.001422" asserts="10" />
          <test-case id="0-1085" name="IdentifierToken_EscapedBracketedIdentifier2" fullname="Tests.Tokens.IdentifierTokenTests.IdentifierToken_EscapedBracketedIdentifier2" methodname="IdentifierToken_EscapedBracketedIdentifier2" classname="Tests.Tokens.IdentifierTokenTests" runstate="Runnable" seed="1856456954" result="Passed" start-time="2019-08-05 05:40:27Z" end-time="2019-08-05 05:40:27Z" duration="0.001411" asserts="10" />
          <test-case id="0-1093" name="IdentifierToken_EscapedBracketedName" fullname="Tests.Tokens.IdentifierTokenTests.IdentifierToken_EscapedBracketedName" methodname="IdentifierToken_EscapedBracketedName" classname="Tests.Tokens.IdentifierTokenTests" runstate="Runnable" seed="474563967" result="Passed" start-time="2019-08-05 05:40:27Z" end-time="2019-08-05 05:40:27Z" duration="0.000331" asserts="1" />
          <test-case id="0-1090" name="IdentifierToken_NoWhitespace" fullname="Tests.Tokens.IdentifierTokenTests.IdentifierToken_NoWhitespace" methodname="IdentifierToken_NoWhitespace" classname="Tests.Tokens.IdentifierTokenTests" runstate="Runnable" seed="809025704" result="Passed" start-time="2019-08-05 05:40:27Z" end-time="2019-08-05 05:40:27Z" duration="0.006550" asserts="38" />
          <test-case id="0-1087" name="IdentifierToken_OnlyN" fullname="Tests.Tokens.IdentifierTokenTests.IdentifierToken_OnlyN" methodname="IdentifierToken_OnlyN" classname="Tests.Tokens.IdentifierTokenTests" runstate="Runnable" seed="384779242" result="Passed" start-time="2019-08-05 05:40:27Z" end-time="2019-08-05 05:40:27Z" duration="0.001283" asserts="10" />
          <test-case id="0-1088" name="IdentifierToken_QuotedIdentifier" fullname="Tests.Tokens.IdentifierTokenTests.IdentifierToken_QuotedIdentifier" methodname="IdentifierToken_QuotedIdentifier" classname="Tests.Tokens.IdentifierTokenTests" runstate="Runnable" seed="1839519830" result="Passed" start-time="2019-08-05 05:40:27Z" end-time="2019-08-05 05:40:27Z" duration="0.001357" asserts="10" />
          <test-case id="0-1094" name="IdentifierToken_QuotedName" fullname="Tests.Tokens.IdentifierTokenTests.IdentifierToken_QuotedName" methodname="IdentifierToken_QuotedName" classname="Tests.Tokens.IdentifierTokenTests" runstate="Runnable" seed="160498669" result="Passed" start-time="2019-08-05 05:40:27Z" end-time="2019-08-05 05:40:27Z" duration="0.000405" asserts="1" />
          <test-case id="0-1089" name="IdentifierToken_QuotedUnicodeIdentifier" fullname="Tests.Tokens.IdentifierTokenTests.IdentifierToken_QuotedUnicodeIdentifier" methodname="IdentifierToken_QuotedUnicodeIdentifier" classname="Tests.Tokens.IdentifierTokenTests" runstate="Runnable" seed="606380247" result="Passed" start-time="2019-08-05 05:40:27Z" end-time="2019-08-05 05:40:27Z" duration="0.001614" asserts="10" />
          <test-case id="0-1095" name="IdentifierToken_QuotedUnicodeName" fullname="Tests.Tokens.IdentifierTokenTests.IdentifierToken_QuotedUnicodeName" methodname="IdentifierToken_QuotedUnicodeName" classname="Tests.Tokens.IdentifierTokenTests" runstate="Runnable" seed="1408877176" result="Passed" start-time="2019-08-05 05:40:27Z" end-time="2019-08-05 05:40:27Z" duration="0.000306" asserts="1" />
          <test-case id="0-1083" name="IdentifierToken_SimpleBracketedIdentifier" fullname="Tests.Tokens.IdentifierTokenTests.IdentifierToken_SimpleBracketedIdentifier" methodname="IdentifierToken_SimpleBracketedIdentifier" classname="Tests.Tokens.IdentifierTokenTests" runstate="Runnable" seed="1498587399" result="Passed" start-time="2019-08-05 05:40:27Z" end-time="2019-08-05 05:40:27Z" duration="0.001210" asserts="10" />
          <test-case id="0-1082" name="IdentifierToken_SimpleIdentifier" fullname="Tests.Tokens.IdentifierTokenTests.IdentifierToken_SimpleIdentifier" methodname="IdentifierToken_SimpleIdentifier" classname="Tests.Tokens.IdentifierTokenTests" runstate="Runnable" seed="1040452065" result="Passed" start-time="2019-08-05 05:40:27Z" end-time="2019-08-05 05:40:27Z" duration="0.001182" asserts="10" />
          <test-case id="0-1091" name="IdentifierToken_SimpleName" fullname="Tests.Tokens.IdentifierTokenTests.IdentifierToken_SimpleName" methodname="IdentifierToken_SimpleName" classname="Tests.Tokens.IdentifierTokenTests" runstate="Runnable" seed="2073197064" result="Passed" start-time="2019-08-05 05:40:27Z" end-time="2019-08-05 05:40:27Z" duration="0.000241" asserts="1" />
          <test-case id="0-1086" name="IdentifierToken_StartWithN" fullname="Tests.Tokens.IdentifierTokenTests.IdentifierToken_StartWithN" methodname="IdentifierToken_StartWithN" classname="Tests.Tokens.IdentifierTokenTests" runstate="Runnable" seed="1407147451" result="Passed" start-time="2019-08-05 05:40:27Z" end-time="2019-08-05 05:40:27Z" duration="0.001379" asserts="10" />
        </test-suite>
        <test-suite type="TestFixture" id="0-1050" name="IncompleteTokenTests" fullname="Tests.Tokens.IncompleteTokenTests" classname="Tests.Tokens.IncompleteTokenTests" runstate="Runnable" testcasecount="5" result="Passed" start-time="2019-08-05 05:40:27Z" end-time="2019-08-05 05:40:27Z" duration="0.008170" total="5" passed="5" failed="0" warnings="0" inconclusive="0" skipped="0" asserts="35">
          <properties>
            <property name="Category" value="Token Parsing" />
          </properties>
          <test-case id="0-1053" name="IncompleteToken_Comment" fullname="Tests.Tokens.IncompleteTokenTests.IncompleteToken_Comment" methodname="IncompleteToken_Comment" classname="Tests.Tokens.IncompleteTokenTests" runstate="Runnable" seed="1507296628" result="Passed" start-time="2019-08-05 05:40:27Z" end-time="2019-08-05 05:40:27Z" duration="0.002319" asserts="7" />
          <test-case id="0-1054" name="IncompleteToken_DoubleQuoteIdentifier" fullname="Tests.Tokens.IncompleteTokenTests.IncompleteToken_DoubleQuoteIdentifier" methodname="IncompleteToken_DoubleQuoteIdentifier" classname="Tests.Tokens.IncompleteTokenTests" runstate="Runnable" seed="839826933" result="Passed" start-time="2019-08-05 05:40:27Z" end-time="2019-08-05 05:40:27Z" duration="0.001256" asserts="7" />
          <test-case id="0-1055" name="IncompleteToken_DoubleQuoteString" fullname="Tests.Tokens.IncompleteTokenTests.IncompleteToken_DoubleQuoteString" methodname="IncompleteToken_DoubleQuoteString" classname="Tests.Tokens.IncompleteTokenTests" runstate="Runnable" seed="1865166003" result="Passed" start-time="2019-08-05 05:40:27Z" end-time="2019-08-05 05:40:27Z" duration="0.002451" asserts="7" />
          <test-case id="0-1052" name="IncompleteToken_Identifier" fullname="Tests.Tokens.IncompleteTokenTests.IncompleteToken_Identifier" methodname="IncompleteToken_Identifier" classname="Tests.Tokens.IncompleteTokenTests" runstate="Runnable" seed="1315889136" result="Passed" start-time="2019-08-05 05:40:27Z" end-time="2019-08-05 05:40:27Z" duration="0.001035" asserts="7" />
          <test-case id="0-1051" name="IncompleteToken_StringLiteral" fullname="Tests.Tokens.IncompleteTokenTests.IncompleteToken_StringLiteral" methodname="IncompleteToken_StringLiteral" classname="Tests.Tokens.IncompleteTokenTests" runstate="Runnable" seed="1204704404" result="Passed" start-time="2019-08-05 05:40:27Z" end-time="2019-08-05 05:40:27Z" duration="0.000801" asserts="7" />
        </test-suite>
        <test-suite type="TestFixture" id="0-1071" name="KeywordTokenTests" fullname="Tests.Tokens.KeywordTokenTests" classname="Tests.Tokens.KeywordTokenTests" runstate="Runnable" testcasecount="4" result="Passed" start-time="2019-08-05 05:40:27Z" end-time="2019-08-05 05:40:27Z" duration="0.003278" total="4" passed="4" failed="0" warnings="0" inconclusive="0" skipped="0" asserts="22">
          <properties>
            <property name="Category" value="Token Parsing" />
          </properties>
          <test-case id="0-1074" name="KeywordToken_Keyword" fullname="Tests.Tokens.KeywordTokenTests.KeywordToken_Keyword" methodname="KeywordToken_Keyword" classname="Tests.Tokens.KeywordTokenTests" runstate="Runnable" seed="2018304338" result="Passed" start-time="2019-08-05 05:40:27Z" end-time="2019-08-05 05:40:27Z" duration="0.000387" asserts="1" />
          <test-case id="0-1075" name="KeywordToken_NoneKeyword" fullname="Tests.Tokens.KeywordTokenTests.KeywordToken_NoneKeyword" methodname="KeywordToken_NoneKeyword" classname="Tests.Tokens.KeywordTokenTests" runstate="Runnable" seed="1103149116" result="Passed" start-time="2019-08-05 05:40:27Z" end-time="2019-08-05 05:40:27Z" duration="0.000213" asserts="1" />
          <test-case id="0-1072" name="KeywordToken_SimpleKeyword" fullname="Tests.Tokens.KeywordTokenTests.KeywordToken_SimpleKeyword" methodname="KeywordToken_SimpleKeyword" classname="Tests.Tokens.KeywordTokenTests" runstate="Runnable" seed="1451615593" result="Passed" start-time="2019-08-05 05:40:27Z" end-time="2019-08-05 05:40:27Z" duration="0.001189" asserts="10" />
          <test-case id="0-1073" name="KeywordToken_SimpleKeywordLowercase" fullname="Tests.Tokens.KeywordTokenTests.KeywordToken_SimpleKeywordLowercase" methodname="KeywordToken_SimpleKeywordLowercase" classname="Tests.Tokens.KeywordTokenTests" runstate="Runnable" seed="1771202659" result="Passed" start-time="2019-08-05 05:40:27Z" end-time="2019-08-05 05:40:27Z" duration="0.001068" asserts="10" />
        </test-suite>
        <test-suite type="TestFixture" id="0-1076" name="MoneyLiteralTests" fullname="Tests.Tokens.MoneyLiteralTests" classname="Tests.Tokens.MoneyLiteralTests" runstate="Runnable" testcasecount="4" result="Passed" start-time="2019-08-05 05:40:27Z" end-time="2019-08-05 05:40:27Z" duration="0.005590" total="4" passed="4" failed="0" warnings="0" inconclusive="0" skipped="0" asserts="48">
          <properties>
            <property name="Category" value="Token Parsing" />
          </properties>
          <test-case id="0-1080" name="MoneyLiteral_ForeignNegative" fullname="Tests.Tokens.MoneyLiteralTests.MoneyLiteral_ForeignNegative" methodname="MoneyLiteral_ForeignNegative" classname="Tests.Tokens.MoneyLiteralTests" runstate="Runnable" seed="1956417691" result="Passed" start-time="2019-08-05 05:40:27Z" end-time="2019-08-05 05:40:27Z" duration="0.001171" asserts="10" />
          <test-case id="0-1079" name="MoneyLiteral_Negative" fullname="Tests.Tokens.MoneyLiteralTests.MoneyLiteral_Negative" methodname="MoneyLiteral_Negative" classname="Tests.Tokens.MoneyLiteralTests" runstate="Runnable" seed="744654762" result="Passed" start-time="2019-08-05 05:40:27Z" end-time="2019-08-05 05:40:27Z" duration="0.001151" asserts="10" />
          <test-case id="0-1078" name="MoneyLiteral_StartingWithPeriod" fullname="Tests.Tokens.MoneyLiteralTests.MoneyLiteral_StartingWithPeriod" methodname="MoneyLiteral_StartingWithPeriod" classname="Tests.Tokens.MoneyLiteralTests" runstate="Runnable" seed="1263193841" result="Passed" start-time="2019-08-05 05:40:27Z" end-time="2019-08-05 05:40:27Z" duration="0.001179" asserts="10" />
          <test-case id="0-1077" name="MoneyLiteral_Subtraction" fullname="Tests.Tokens.MoneyLiteralTests.MoneyLiteral_Subtraction" methodname="MoneyLiteral_Subtraction" classname="Tests.Tokens.MoneyLiteralTests" runstate="Runnable" seed="177362479" result="Passed" start-time="2019-08-05 05:40:27Z" end-time="2019-08-05 05:40:27Z" duration="0.001889" asserts="18" />
        </test-suite>
        <test-suite type="TestFixture" id="0-1096" name="MultilineCommentTokenTests" fullname="Tests.Tokens.MultilineCommentTokenTests" classname="Tests.Tokens.MultilineCommentTokenTests" runstate="Runnable" testcasecount="6" result="Passed" start-time="2019-08-05 05:40:27Z" end-time="2019-08-05 05:40:27Z" duration="0.011245" total="6" passed="6" failed="0" warnings="0" inconclusive="0" skipped="0" asserts="51">
          <properties>
            <property name="Category" value="Token Parsing" />
          </properties>
          <test-case id="0-1102" name="MultilineCommentToken_Comment" fullname="Tests.Tokens.MultilineCommentTokenTests.MultilineCommentToken_Comment" methodname="MultilineCommentToken_Comment" classname="Tests.Tokens.MultilineCommentTokenTests" runstate="Runnable" seed="2050534681" result="Passed" start-time="2019-08-05 05:40:27Z" end-time="2019-08-05 05:40:27Z" duration="0.000597" asserts="1" />
          <test-case id="0-1098" name="MultilineCommentToken_MultiParens" fullname="Tests.Tokens.MultilineCommentTokenTests.MultilineCommentToken_MultiParens" methodname="MultilineCommentToken_MultiParens" classname="Tests.Tokens.MultilineCommentTokenTests" runstate="Runnable" seed="92211137" result="Passed" start-time="2019-08-05 05:40:27Z" end-time="2019-08-05 05:40:27Z" duration="0.001532" asserts="10" />
          <test-case id="0-1100" name="MultilineCommentToken_Nesting" fullname="Tests.Tokens.MultilineCommentTokenTests.MultilineCommentToken_Nesting" methodname="MultilineCommentToken_Nesting" classname="Tests.Tokens.MultilineCommentTokenTests" runstate="Runnable" seed="512300785" result="Passed" start-time="2019-08-05 05:40:27Z" end-time="2019-08-05 05:40:27Z" duration="0.003340" asserts="10" />
          <test-case id="0-1101" name="MultilineCommentToken_RequireFullEnding" fullname="Tests.Tokens.MultilineCommentTokenTests.MultilineCommentToken_RequireFullEnding" methodname="MultilineCommentToken_RequireFullEnding" classname="Tests.Tokens.MultilineCommentTokenTests" runstate="Runnable" seed="1411409844" result="Passed" start-time="2019-08-05 05:40:27Z" end-time="2019-08-05 05:40:27Z" duration="0.001695" asserts="10" />
          <test-case id="0-1097" name="MultilineCommentToken_Simple" fullname="Tests.Tokens.MultilineCommentTokenTests.MultilineCommentToken_Simple" methodname="MultilineCommentToken_Simple" classname="Tests.Tokens.MultilineCommentTokenTests" runstate="Runnable" seed="703086298" result="Passed" start-time="2019-08-05 05:40:27Z" end-time="2019-08-05 05:40:27Z" duration="0.001756" asserts="10" />
          <test-case id="0-1099" name="MultilineCommentToken_SpanLines" fullname="Tests.Tokens.MultilineCommentTokenTests.MultilineCommentToken_SpanLines" methodname="MultilineCommentToken_SpanLines" classname="Tests.Tokens.MultilineCommentTokenTests" runstate="Runnable" seed="519526904" result="Passed" start-time="2019-08-05 05:40:27Z" end-time="2019-08-05 05:40:27Z" duration="0.002056" asserts="10" />
        </test-suite>
        <test-suite type="TestFixture" id="0-1103" name="NumericLiteralTokenTests" fullname="Tests.Tokens.NumericLiteralTokenTests" classname="Tests.Tokens.NumericLiteralTokenTests" runstate="Runnable" testcasecount="3" result="Passed" start-time="2019-08-05 05:40:27Z" end-time="2019-08-05 05:40:27Z" duration="0.005622" total="3" passed="3" failed="0" warnings="0" inconclusive="0" skipped="0" asserts="46">
          <properties>
            <property name="Category" value="Token Parsing" />
          </properties>
          <test-case id="0-1104" name="NumericLiteral_ComplicatedExponential" fullname="Tests.Tokens.NumericLiteralTokenTests.NumericLiteral_ComplicatedExponential" methodname="NumericLiteral_ComplicatedExponential" classname="Tests.Tokens.NumericLiteralTokenTests" runstate="Runnable" seed="1739067643" result="Passed" start-time="2019-08-05 05:40:27Z" end-time="2019-08-05 05:40:27Z" duration="0.001384" asserts="10" />
          <test-case id="0-1106" name="NumericLiteral_DecimalStartingWithPeriod" fullname="Tests.Tokens.NumericLiteralTokenTests.NumericLiteral_DecimalStartingWithPeriod" methodname="NumericLiteral_DecimalStartingWithPeriod" classname="Tests.Tokens.NumericLiteralTokenTests" runstate="Runnable" seed="970623341" result="Passed" start-time="2019-08-05 05:40:27Z" end-time="2019-08-05 05:40:27Z" duration="0.001477" asserts="10" />
          <test-case id="0-1105" name="NumericLiteral_SubtractionVsExponential" fullname="Tests.Tokens.NumericLiteralTokenTests.NumericLiteral_SubtractionVsExponential" methodname="NumericLiteral_SubtractionVsExponential" classname="Tests.Tokens.NumericLiteralTokenTests" runstate="Runnable" seed="1674930706" result="Passed" start-time="2019-08-05 05:40:27Z" end-time="2019-08-05 05:40:27Z" duration="0.002524" asserts="26" />
        </test-suite>
        <test-suite type="TestFixture" id="0-1056" name="OperatorTokenTests" fullname="Tests.Tokens.OperatorTokenTests" classname="Tests.Tokens.OperatorTokenTests" runstate="Runnable" testcasecount="9" result="Passed" start-time="2019-08-05 05:40:27Z" end-time="2019-08-05 05:40:27Z" duration="0.010219" total="9" passed="9" failed="0" warnings="0" inconclusive="0" skipped="0" asserts="90">
          <test-case id="0-1058" name="Operator_DivideEquals" fullname="Tests.Tokens.OperatorTokenTests.Operator_DivideEquals" methodname="Operator_DivideEquals" classname="Tests.Tokens.OperatorTokenTests" runstate="Runnable" seed="1732950854" result="Passed" start-time="2019-08-05 05:40:27Z" end-time="2019-08-05 05:40:27Z" duration="0.000984" asserts="10" />
          <test-case id="0-1059" name="Operator_LessThan" fullname="Tests.Tokens.OperatorTokenTests.Operator_LessThan" methodname="Operator_LessThan" classname="Tests.Tokens.OperatorTokenTests" runstate="Runnable" seed="978312520" result="Passed" start-time="2019-08-05 05:40:27Z" end-time="2019-08-05 05:40:27Z" duration="0.000958" asserts="10" />
          <test-case id="0-1060" name="Operator_LessThanEquals" fullname="Tests.Tokens.OperatorTokenTests.Operator_LessThanEquals" methodname="Operator_LessThanEquals" classname="Tests.Tokens.OperatorTokenTests" runstate="Runnable" seed="1366501498" result="Passed" start-time="2019-08-05 05:40:27Z" end-time="2019-08-05 05:40:27Z" duration="0.001024" asserts="10" />
          <test-case id="0-1057" name="Operator_MinusEquals" fullname="Tests.Tokens.OperatorTokenTests.Operator_MinusEquals" methodname="Operator_MinusEquals" classname="Tests.Tokens.OperatorTokenTests" runstate="Runnable" seed="1637941496" result="Passed" start-time="2019-08-05 05:40:27Z" end-time="2019-08-05 05:40:27Z" duration="0.001061" asserts="10" />
          <test-case id="0-1061" name="Operator_NotEqual" fullname="Tests.Tokens.OperatorTokenTests.Operator_NotEqual" methodname="Operator_NotEqual" classname="Tests.Tokens.OperatorTokenTests" runstate="Runnable" seed="1531427547" result="Passed" start-time="2019-08-05 05:40:27Z" end-time="2019-08-05 05:40:27Z" duration="0.001759" asserts="10" />
          <test-case id="0-1062" name="Operator_NotEqualExclamation" fullname="Tests.Tokens.OperatorTokenTests.Operator_NotEqualExclamation" methodname="Operator_NotEqualExclamation" classname="Tests.Tokens.OperatorTokenTests" runstate="Runnable" seed="1790188316" result="Passed" start-time="2019-08-05 05:40:27Z" end-time="2019-08-05 05:40:27Z" duration="0.001091" asserts="10" />
          <test-case id="0-1063" name="Operator_NotGreaterThan" fullname="Tests.Tokens.OperatorTokenTests.Operator_NotGreaterThan" methodname="Operator_NotGreaterThan" classname="Tests.Tokens.OperatorTokenTests" runstate="Runnable" seed="569702955" result="Passed" start-time="2019-08-05 05:40:27Z" end-time="2019-08-05 05:40:27Z" duration="0.001078" asserts="10" />
          <test-case id="0-1064" name="Operator_NotLessThan" fullname="Tests.Tokens.OperatorTokenTests.Operator_NotLessThan" methodname="Operator_NotLessThan" classname="Tests.Tokens.OperatorTokenTests" runstate="Runnable" seed="1914063721" result="Passed" start-time="2019-08-05 05:40:27Z" end-time="2019-08-05 05:40:27Z" duration="0.000919" asserts="10" />
          <test-case id="0-1065" name="Operator_Scope" fullname="Tests.Tokens.OperatorTokenTests.Operator_Scope" methodname="Operator_Scope" classname="Tests.Tokens.OperatorTokenTests" runstate="Runnable" seed="1140804073" result="Passed" start-time="2019-08-05 05:40:27Z" end-time="2019-08-05 05:40:27Z" duration="0.001039" asserts="10" />
        </test-suite>
        <test-suite type="TestFixture" id="0-1107" name="SingleLineCommentTokenTests" fullname="Tests.Tokens.SingleLineCommentTokenTests" classname="Tests.Tokens.SingleLineCommentTokenTests" runstate="Runnable" testcasecount="3" result="Passed" start-time="2019-08-05 05:40:27Z" end-time="2019-08-05 05:40:27Z" duration="0.002991" total="3" passed="3" failed="0" warnings="0" inconclusive="0" skipped="0" asserts="21">
          <properties>
            <property name="Category" value="Token Parsing" />
          </properties>
          <test-case id="0-1108" name="SingleLineCommentToken_CarriageReturn" fullname="Tests.Tokens.SingleLineCommentTokenTests.SingleLineCommentToken_CarriageReturn" methodname="SingleLineCommentToken_CarriageReturn" classname="Tests.Tokens.SingleLineCommentTokenTests" runstate="Runnable" seed="2037239773" result="Passed" start-time="2019-08-05 05:40:27Z" end-time="2019-08-05 05:40:27Z" duration="0.001265" asserts="10" />
          <test-case id="0-1110" name="SingleLineCommentToken_Comment" fullname="Tests.Tokens.SingleLineCommentTokenTests.SingleLineCommentToken_Comment" methodname="SingleLineCommentToken_Comment" classname="Tests.Tokens.SingleLineCommentTokenTests" runstate="Runnable" seed="1710116405" result="Passed" start-time="2019-08-05 05:40:27Z" end-time="2019-08-05 05:40:27Z" duration="0.000236" asserts="1" />
          <test-case id="0-1109" name="SingleLineCommentToken_LineFeed" fullname="Tests.Tokens.SingleLineCommentTokenTests.SingleLineCommentToken_LineFeed" methodname="SingleLineCommentToken_LineFeed" classname="Tests.Tokens.SingleLineCommentTokenTests" runstate="Runnable" seed="213568712" result="Passed" start-time="2019-08-05 05:40:27Z" end-time="2019-08-05 05:40:27Z" duration="0.001188" asserts="10" />
        </test-suite>
        <test-suite type="TestFixture" id="0-1111" name="StringLiteralTokenTests" fullname="Tests.Tokens.StringLiteralTokenTests" classname="Tests.Tokens.StringLiteralTokenTests" runstate="Runnable" testcasecount="10" result="Passed" start-time="2019-08-05 05:40:27Z" end-time="2019-08-05 05:40:27Z" duration="0.011417" total="10" passed="10" failed="0" warnings="0" inconclusive="0" skipped="0" asserts="65">
          <properties>
            <property name="Category" value="Token Parsing" />
          </properties>
          <test-case id="0-1116" name="StringLiteralToken_DoubleQuote" fullname="Tests.Tokens.StringLiteralTokenTests.StringLiteralToken_DoubleQuote" methodname="StringLiteralToken_DoubleQuote" classname="Tests.Tokens.StringLiteralTokenTests" runstate="Runnable" seed="559911929" result="Passed" start-time="2019-08-05 05:40:27Z" end-time="2019-08-05 05:40:27Z" duration="0.001399" asserts="10" />
          <test-case id="0-1121" name="StringLiteralToken_DoubleQuoteUnicodeValue" fullname="Tests.Tokens.StringLiteralTokenTests.StringLiteralToken_DoubleQuoteUnicodeValue" methodname="StringLiteralToken_DoubleQuoteUnicodeValue" classname="Tests.Tokens.StringLiteralTokenTests" runstate="Runnable" seed="694287484" result="Passed" start-time="2019-08-05 05:40:27Z" end-time="2019-08-05 05:40:27Z" duration="0.000962" asserts="3" />
          <test-case id="0-1120" name="StringLiteralToken_DoubleQuoteValue" fullname="Tests.Tokens.StringLiteralTokenTests.StringLiteralToken_DoubleQuoteValue" methodname="StringLiteralToken_DoubleQuoteValue" classname="Tests.Tokens.StringLiteralTokenTests" runstate="Runnable" seed="1521014628" result="Passed" start-time="2019-08-05 05:40:27Z" end-time="2019-08-05 05:40:27Z" duration="0.000308" asserts="3" />
          <test-case id="0-1115" name="StringLiteralToken_EmptyDoubleQuote" fullname="Tests.Tokens.StringLiteralTokenTests.StringLiteralToken_EmptyDoubleQuote" methodname="StringLiteralToken_EmptyDoubleQuote" classname="Tests.Tokens.StringLiteralTokenTests" runstate="Runnable" seed="1227305105" result="Passed" start-time="2019-08-05 05:40:27Z" end-time="2019-08-05 05:40:27Z" duration="0.001143" asserts="10" />
          <test-case id="0-1112" name="StringLiteralToken_EmptySingleQuote" fullname="Tests.Tokens.StringLiteralTokenTests.StringLiteralToken_EmptySingleQuote" methodname="StringLiteralToken_EmptySingleQuote" classname="Tests.Tokens.StringLiteralTokenTests" runstate="Runnable" seed="99022926" result="Passed" start-time="2019-08-05 05:40:27Z" end-time="2019-08-05 05:40:27Z" duration="0.001099" asserts="10" />
          <test-case id="0-1113" name="StringLiteralToken_SingleQuote" fullname="Tests.Tokens.StringLiteralTokenTests.StringLiteralToken_SingleQuote" methodname="StringLiteralToken_SingleQuote" classname="Tests.Tokens.StringLiteralTokenTests" runstate="Runnable" seed="108762959" result="Passed" start-time="2019-08-05 05:40:27Z" end-time="2019-08-05 05:40:27Z" duration="0.001344" asserts="10" />
          <test-case id="0-1118" name="StringLiteralToken_SingleQuoteEscapedValue" fullname="Tests.Tokens.StringLiteralTokenTests.StringLiteralToken_SingleQuoteEscapedValue" methodname="StringLiteralToken_SingleQuoteEscapedValue" classname="Tests.Tokens.StringLiteralTokenTests" runstate="Runnable" seed="1136841795" result="Passed" start-time="2019-08-05 05:40:27Z" end-time="2019-08-05 05:40:27Z" duration="0.000272" asserts="3" />
          <test-case id="0-1114" name="StringLiteralToken_SingleQuoteUnicode" fullname="Tests.Tokens.StringLiteralTokenTests.StringLiteralToken_SingleQuoteUnicode" methodname="StringLiteralToken_SingleQuoteUnicode" classname="Tests.Tokens.StringLiteralTokenTests" runstate="Runnable" seed="138947245" result="Passed" start-time="2019-08-05 05:40:27Z" end-time="2019-08-05 05:40:27Z" duration="0.003880" asserts="10" />
          <test-case id="0-1119" name="StringLiteralToken_SingleQuoteUnicodeValue" fullname="Tests.Tokens.StringLiteralTokenTests.StringLiteralToken_SingleQuoteUnicodeValue" methodname="StringLiteralToken_SingleQuoteUnicodeValue" classname="Tests.Tokens.StringLiteralTokenTests" runstate="Runnable" seed="804996117" result="Passed" start-time="2019-08-05 05:40:27Z" end-time="2019-08-05 05:40:27Z" duration="0.000349" asserts="3" />
          <test-case id="0-1117" name="StringLiteralToken_SingleQuoteValue" fullname="Tests.Tokens.StringLiteralTokenTests.StringLiteralToken_SingleQuoteValue" methodname="StringLiteralToken_SingleQuoteValue" classname="Tests.Tokens.StringLiteralTokenTests" runstate="Runnable" seed="1817653244" result="Passed" start-time="2019-08-05 05:40:27Z" end-time="2019-08-05 05:40:27Z" duration="0.000315" asserts="3" />
        </test-suite>
        <test-suite type="TestFixture" id="0-1066" name="SystemIdentifierTokenTests" fullname="Tests.Tokens.SystemIdentifierTokenTests" classname="Tests.Tokens.SystemIdentifierTokenTests" runstate="Runnable" testcasecount="1" result="Passed" start-time="2019-08-05 05:40:27Z" end-time="2019-08-05 05:40:27Z" duration="0.002742" total="1" passed="1" failed="0" warnings="0" inconclusive="0" skipped="0" asserts="11">
          <properties>
            <property name="Category" value="Token Parsing" />
          </properties>
          <test-case id="0-1067" name="SystemIdentifierToken_SimpleIdentifier" fullname="Tests.Tokens.SystemIdentifierTokenTests.SystemIdentifierToken_SimpleIdentifier" methodname="SystemIdentifierToken_SimpleIdentifier" classname="Tests.Tokens.SystemIdentifierTokenTests" runstate="Runnable" seed="559368214" result="Passed" start-time="2019-08-05 05:40:27Z" end-time="2019-08-05 05:40:27Z" duration="0.002420" asserts="11" />
        </test-suite>
        <test-suite type="TestFixture" id="0-1068" name="SystemVariableTokenTests" fullname="Tests.Tokens.SystemVariableTokenTests" classname="Tests.Tokens.SystemVariableTokenTests" runstate="Runnable" testcasecount="2" result="Passed" start-time="2019-08-05 05:40:27Z" end-time="2019-08-05 05:40:27Z" duration="0.006314" total="2" passed="2" failed="0" warnings="0" inconclusive="0" skipped="0" asserts="24">
          <properties>
            <property name="Category" value="Token Parsing" />
          </properties>
          <test-case id="0-1070" name="SystemVariableToken_BogusVariable" fullname="Tests.Tokens.SystemVariableTokenTests.SystemVariableToken_BogusVariable" methodname="SystemVariableToken_BogusVariable" classname="Tests.Tokens.SystemVariableTokenTests" runstate="Runnable" seed="1945581615" result="Passed" start-time="2019-08-05 05:40:27Z" end-time="2019-08-05 05:40:27Z" duration="0.001326" asserts="11" />
          <test-case id="0-1069" name="SystemVariableToken_SimpleVariable" fullname="Tests.Tokens.SystemVariableTokenTests.SystemVariableToken_SimpleVariable" methodname="SystemVariableToken_SimpleVariable" classname="Tests.Tokens.SystemVariableTokenTests" runstate="Runnable" seed="53465756" result="Passed" start-time="2019-08-05 05:40:27Z" end-time="2019-08-05 05:40:27Z" duration="0.004812" asserts="13" />
        </test-suite>
      </test-suite>
      <test-suite type="TestFixture" id="0-1031" name="VariablesTests" fullname="Tests.VariablesTests" classname="Tests.VariablesTests" runstate="Runnable" testcasecount="10" result="Passed" start-time="2019-08-05 05:40:27Z" end-time="2019-08-05 05:40:27Z" duration="0.007785" total="10" passed="10" failed="0" warnings="0" inconclusive="0" skipped="0" asserts="10">
        <test-case id="0-1040" name="Variables_EqualsObjectFalse" fullname="Tests.VariablesTests.Variables_EqualsObjectFalse" methodname="Variables_EqualsObjectFalse" classname="Tests.VariablesTests" runstate="Runnable" seed="1087934683" result="Passed" start-time="2019-08-05 05:40:27Z" end-time="2019-08-05 05:40:27Z" duration="0.000188" asserts="1" />
        <test-case id="0-1039" name="Variables_EqualsObjectTrue" fullname="Tests.VariablesTests.Variables_EqualsObjectTrue" methodname="Variables_EqualsObjectTrue" classname="Tests.VariablesTests" runstate="Runnable" seed="1568586554" result="Passed" start-time="2019-08-05 05:40:27Z" end-time="2019-08-05 05:40:27Z" duration="0.000158" asserts="1" />
        <test-case id="0-1041" name="Variables_GetHashCode" fullname="Tests.VariablesTests.Variables_GetHashCode" methodname="Variables_GetHashCode" classname="Tests.VariablesTests" runstate="Runnable" seed="365618472" result="Passed" start-time="2019-08-05 05:40:27Z" end-time="2019-08-05 05:40:27Z" duration="0.003910" asserts="1" />
        <test-case id="0-1033" name="Variables_InFalse" fullname="Tests.VariablesTests.Variables_InFalse" methodname="Variables_InFalse" classname="Tests.VariablesTests" runstate="Runnable" seed="545109999" result="Passed" start-time="2019-08-05 05:40:27Z" end-time="2019-08-05 05:40:27Z" duration="0.001542" asserts="1" />
        <test-case id="0-1034" name="Variables_InNull" fullname="Tests.VariablesTests.Variables_InNull" methodname="Variables_InNull" classname="Tests.VariablesTests" runstate="Runnable" seed="720391001" result="Passed" start-time="2019-08-05 05:40:27Z" end-time="2019-08-05 05:40:27Z" duration="0.000198" asserts="1" />
        <test-case id="0-1032" name="Variables_InTrue" fullname="Tests.VariablesTests.Variables_InTrue" methodname="Variables_InTrue" classname="Tests.VariablesTests" runstate="Runnable" seed="1969053352" result="Passed" start-time="2019-08-05 05:40:27Z" end-time="2019-08-05 05:40:27Z" duration="0.000218" asserts="1" />
        <test-case id="0-1036" name="Variables_IsFalse" fullname="Tests.VariablesTests.Variables_IsFalse" methodname="Variables_IsFalse" classname="Tests.VariablesTests" runstate="Runnable" seed="1780171694" result="Passed" start-time="2019-08-05 05:40:27Z" end-time="2019-08-05 05:40:27Z" duration="0.000827" asserts="1" />
        <test-case id="0-1037" name="Variables_IsNull" fullname="Tests.VariablesTests.Variables_IsNull" methodname="Variables_IsNull" classname="Tests.VariablesTests" runstate="Runnable" seed="113618494" result="Passed" start-time="2019-08-05 05:40:27Z" end-time="2019-08-05 05:40:27Z" duration="0.000162" asserts="1" />
        <test-case id="0-1035" name="Variables_IsTrue" fullname="Tests.VariablesTests.Variables_IsTrue" methodname="Variables_IsTrue" classname="Tests.VariablesTests" runstate="Runnable" seed="936888545" result="Passed" start-time="2019-08-05 05:40:27Z" end-time="2019-08-05 05:40:27Z" duration="0.000131" asserts="1" />
        <test-case id="0-1038" name="Variables_ParseNull" fullname="Tests.VariablesTests.Variables_ParseNull" methodname="Variables_ParseNull" classname="Tests.VariablesTests" runstate="Runnable" seed="22411617" result="Passed" start-time="2019-08-05 05:40:27Z" end-time="2019-08-05 05:40:27Z" duration="0.000191" asserts="1" />
      </test-suite>
    </test-suite>
  </test-suite>
</test-run>